{"__type":"$$EventMessageWorkflow","id":"44ba3e5e-0ecc-4224-be03-78839b95098a","ts":"2025-04-19T10:35:53.676+01:00","eventName":"n8n.workflow.started","message":"n8n.workflow.started","payload":{"executionId":"21","workflowId":"hJxpqa6A7RASoqND","isManual":false,"workflowName":"My workflow"}}
{"__type":"$$EventMessageConfirm","confirm":"44ba3e5e-0ecc-4224-be03-78839b95098a","ts":"2025-04-19T10:35:53.677+01:00","source":{"id":"0","name":"eventBus"}}
{"__type":"$$EventMessageNode","id":"9bef5524-fec3-4eb5-9b85-46d932c183ef","ts":"2025-04-19T10:35:53.679+01:00","eventName":"n8n.node.started","message":"n8n.node.started","payload":{"workflowId":"hJxpqa6A7RASoqND","workflowName":"My workflow","executionId":"21","nodeType":"n8n-nodes-base.manualTrigger","nodeName":"When clicking ‘Test workflow’"}}
{"__type":"$$EventMessageConfirm","confirm":"9bef5524-fec3-4eb5-9b85-46d932c183ef","ts":"2025-04-19T10:35:53.679+01:00","source":{"id":"0","name":"eventBus"}}
{"__type":"$$EventMessageNode","id":"64f9985e-5a16-4b4f-b98c-57927958c727","ts":"2025-04-19T10:35:53.684+01:00","eventName":"n8n.node.finished","message":"n8n.node.finished","payload":{"workflowId":"hJxpqa6A7RASoqND","workflowName":"My workflow","executionId":"21","nodeType":"n8n-nodes-base.manualTrigger","nodeName":"When clicking ‘Test workflow’"}}
{"__type":"$$EventMessageConfirm","confirm":"64f9985e-5a16-4b4f-b98c-57927958c727","ts":"2025-04-19T10:35:53.684+01:00","source":{"id":"0","name":"eventBus"}}
{"__type":"$$EventMessageNode","id":"ae5c2f4b-8650-4d20-a71b-b4c14fe4f61f","ts":"2025-04-19T10:35:53.684+01:00","eventName":"n8n.node.started","message":"n8n.node.started","payload":{"workflowId":"hJxpqa6A7RASoqND","workflowName":"My workflow","executionId":"21","nodeType":"n8n-nodes-base.httpRequest","nodeName":"Scrape with Steel"}}
{"__type":"$$EventMessageConfirm","confirm":"ae5c2f4b-8650-4d20-a71b-b4c14fe4f61f","ts":"2025-04-19T10:35:53.684+01:00","source":{"id":"0","name":"eventBus"}}
{"__type":"$$EventMessageNode","id":"622e80f6-06be-4e84-a972-163b507e5d87","ts":"2025-04-19T10:35:53.903+01:00","eventName":"n8n.node.finished","message":"n8n.node.finished","payload":{"workflowId":"hJxpqa6A7RASoqND","workflowName":"My workflow","executionId":"21","nodeType":"n8n-nodes-base.httpRequest","nodeName":"Scrape with Steel"}}
{"__type":"$$EventMessageConfirm","confirm":"622e80f6-06be-4e84-a972-163b507e5d87","ts":"2025-04-19T10:35:53.903+01:00","source":{"id":"0","name":"eventBus"}}
{"__type":"$$EventMessageWorkflow","id":"017bca70-baf9-4da7-9b65-6f66b0837476","ts":"2025-04-19T10:35:53.909+01:00","eventName":"n8n.workflow.failed","message":"n8n.workflow.failed","payload":{"executionId":"21","userId":"ba0f9afa-dff2-41da-b038-90423bfc287f","success":false,"isManual":true,"workflowId":"hJxpqa6A7RASoqND","workflowName":"My workflow","lastNodeExecuted":"Scrape with Steel","errorNodeType":"n8n-nodes-base.httpRequest","errorMessage":"The connection cannot be established, this usually occurs due to an incorrect host (domain) value"}}
{"__type":"$$EventMessageConfirm","confirm":"017bca70-baf9-4da7-9b65-6f66b0837476","ts":"2025-04-19T10:35:53.909+01:00","source":{"id":"0","name":"eventBus"}}
{"__type":"$$EventMessageWorkflow","id":"26922c1b-4604-42be-8269-65c8eec48cf5","ts":"2025-04-19T10:36:13.956+01:00","eventName":"n8n.workflow.started","message":"n8n.workflow.started","payload":{"executionId":"22","workflowId":"hJxpqa6A7RASoqND","isManual":false,"workflowName":"My workflow"}}
{"__type":"$$EventMessageConfirm","confirm":"26922c1b-4604-42be-8269-65c8eec48cf5","ts":"2025-04-19T10:36:13.957+01:00","source":{"id":"0","name":"eventBus"}}
{"__type":"$$EventMessageNode","id":"70d3cc64-0f02-48b3-b7d2-5abfc30bb530","ts":"2025-04-19T10:36:13.958+01:00","eventName":"n8n.node.started","message":"n8n.node.started","payload":{"workflowId":"hJxpqa6A7RASoqND","workflowName":"My workflow","executionId":"22","nodeType":"n8n-nodes-base.httpRequest","nodeName":"Scrape with Steel"}}
{"__type":"$$EventMessageConfirm","confirm":"70d3cc64-0f02-48b3-b7d2-5abfc30bb530","ts":"2025-04-19T10:36:13.958+01:00","source":{"id":"0","name":"eventBus"}}
{"__type":"$$EventMessageNode","id":"e2e32b18-1e7b-4955-ac90-51dd27765a25","ts":"2025-04-19T10:36:13.972+01:00","eventName":"n8n.node.finished","message":"n8n.node.finished","payload":{"workflowId":"hJxpqa6A7RASoqND","workflowName":"My workflow","executionId":"22","nodeType":"n8n-nodes-base.httpRequest","nodeName":"Scrape with Steel"}}
{"__type":"$$EventMessageConfirm","confirm":"e2e32b18-1e7b-4955-ac90-51dd27765a25","ts":"2025-04-19T10:36:13.972+01:00","source":{"id":"0","name":"eventBus"}}
{"__type":"$$EventMessageWorkflow","id":"be7f8fb3-9afc-4810-9fba-e362e2ffb8df","ts":"2025-04-19T10:36:13.975+01:00","eventName":"n8n.workflow.failed","message":"n8n.workflow.failed","payload":{"executionId":"22","userId":"ba0f9afa-dff2-41da-b038-90423bfc287f","success":false,"isManual":true,"workflowId":"hJxpqa6A7RASoqND","workflowName":"My workflow","lastNodeExecuted":"Scrape with Steel","errorNodeType":"n8n-nodes-base.httpRequest","errorMessage":"The service refused the connection - perhaps it is offline"}}
{"__type":"$$EventMessageConfirm","confirm":"be7f8fb3-9afc-4810-9fba-e362e2ffb8df","ts":"2025-04-19T10:36:13.975+01:00","source":{"id":"0","name":"eventBus"}}
{"__type":"$$EventMessageWorkflow","id":"d04b5fb3-eb2c-4096-be48-eb64c4c9354e","ts":"2025-04-19T10:36:17.943+01:00","eventName":"n8n.workflow.started","message":"n8n.workflow.started","payload":{"executionId":"23","workflowId":"hJxpqa6A7RASoqND","isManual":false,"workflowName":"My workflow"}}
{"__type":"$$EventMessageConfirm","confirm":"d04b5fb3-eb2c-4096-be48-eb64c4c9354e","ts":"2025-04-19T10:36:17.943+01:00","source":{"id":"0","name":"eventBus"}}
{"__type":"$$EventMessageNode","id":"a05a0c8a-ee66-42b2-addb-87dc789e0bce","ts":"2025-04-19T10:36:17.944+01:00","eventName":"n8n.node.started","message":"n8n.node.started","payload":{"workflowId":"hJxpqa6A7RASoqND","workflowName":"My workflow","executionId":"23","nodeType":"n8n-nodes-base.httpRequest","nodeName":"Scrape with Steel"}}
{"__type":"$$EventMessageConfirm","confirm":"a05a0c8a-ee66-42b2-addb-87dc789e0bce","ts":"2025-04-19T10:36:17.944+01:00","source":{"id":"0","name":"eventBus"}}
{"__type":"$$EventMessageNode","id":"47d09597-856d-4e67-9bb7-c62975a4db3d","ts":"2025-04-19T10:36:17.954+01:00","eventName":"n8n.node.finished","message":"n8n.node.finished","payload":{"workflowId":"hJxpqa6A7RASoqND","workflowName":"My workflow","executionId":"23","nodeType":"n8n-nodes-base.httpRequest","nodeName":"Scrape with Steel"}}
{"__type":"$$EventMessageConfirm","confirm":"47d09597-856d-4e67-9bb7-c62975a4db3d","ts":"2025-04-19T10:36:17.954+01:00","source":{"id":"0","name":"eventBus"}}
{"__type":"$$EventMessageWorkflow","id":"c7e147f2-6245-48fc-aa3a-1bd0d6fb8f0d","ts":"2025-04-19T10:36:17.955+01:00","eventName":"n8n.workflow.failed","message":"n8n.workflow.failed","payload":{"executionId":"23","userId":"ba0f9afa-dff2-41da-b038-90423bfc287f","success":false,"isManual":true,"workflowId":"hJxpqa6A7RASoqND","workflowName":"My workflow","lastNodeExecuted":"Scrape with Steel","errorNodeType":"n8n-nodes-base.httpRequest","errorMessage":"The connection cannot be established, this usually occurs due to an incorrect host (domain) value"}}
{"__type":"$$EventMessageConfirm","confirm":"c7e147f2-6245-48fc-aa3a-1bd0d6fb8f0d","ts":"2025-04-19T10:36:17.955+01:00","source":{"id":"0","name":"eventBus"}}
