{"__type":"$$EventMessageWorkflow","id":"1c088287-654a-4157-83c2-770e08f45948","ts":"2025-04-20T00:49:37.320+01:00","eventName":"n8n.workflow.started","message":"n8n.workflow.started","payload":{"executionId":"10","workflowId":"WudldSYFvIsfrSuy","isManual":false,"workflowName":"My workflow"}}
{"__type":"$$EventMessageConfirm","confirm":"1c088287-654a-4157-83c2-770e08f45948","ts":"2025-04-20T00:49:37.321+01:00","source":{"id":"0","name":"eventBus"}}
{"__type":"$$EventMessageNode","id":"05379ae7-7eba-4bff-b540-21f4fd90b028","ts":"2025-04-20T00:49:37.322+01:00","eventName":"n8n.node.started","message":"n8n.node.started","payload":{"workflowId":"WudldSYFvIsfrSuy","workflowName":"My workflow","executionId":"10","nodeType":"n8n-nodes-base.manualTrigger","nodeName":"When clicking ‘Test workflow’"}}
{"__type":"$$EventMessageConfirm","confirm":"05379ae7-7eba-4bff-b540-21f4fd90b028","ts":"2025-04-20T00:49:37.322+01:00","source":{"id":"0","name":"eventBus"}}
{"__type":"$$EventMessageNode","id":"6cced373-3e7c-4a59-a748-a1a478167080","ts":"2025-04-20T00:49:37.325+01:00","eventName":"n8n.node.finished","message":"n8n.node.finished","payload":{"workflowId":"WudldSYFvIsfrSuy","workflowName":"My workflow","executionId":"10","nodeType":"n8n-nodes-base.manualTrigger","nodeName":"When clicking ‘Test workflow’"}}
{"__type":"$$EventMessageConfirm","confirm":"6cced373-3e7c-4a59-a748-a1a478167080","ts":"2025-04-20T00:49:37.325+01:00","source":{"id":"0","name":"eventBus"}}
{"__type":"$$EventMessageNode","id":"e580ea60-5ea5-4946-9dab-7ed718d6f511","ts":"2025-04-20T00:49:37.325+01:00","eventName":"n8n.node.started","message":"n8n.node.started","payload":{"workflowId":"WudldSYFvIsfrSuy","workflowName":"My workflow","executionId":"10","nodeType":"n8n-nodes-base.httpRequest","nodeName":"HTTP Request"}}
{"__type":"$$EventMessageConfirm","confirm":"e580ea60-5ea5-4946-9dab-7ed718d6f511","ts":"2025-04-20T00:49:37.325+01:00","source":{"id":"0","name":"eventBus"}}
{"__type":"$$EventMessageNode","id":"3957736b-6423-4a7b-8767-53c1588383d2","ts":"2025-04-20T00:49:37.394+01:00","eventName":"n8n.node.finished","message":"n8n.node.finished","payload":{"workflowId":"WudldSYFvIsfrSuy","workflowName":"My workflow","executionId":"10","nodeType":"n8n-nodes-base.httpRequest","nodeName":"HTTP Request"}}
{"__type":"$$EventMessageConfirm","confirm":"3957736b-6423-4a7b-8767-53c1588383d2","ts":"2025-04-20T00:49:37.394+01:00","source":{"id":"0","name":"eventBus"}}
{"__type":"$$EventMessageWorkflow","id":"509ad646-5d8c-4dac-bba6-2cbc8868f4e6","ts":"2025-04-20T00:49:37.402+01:00","eventName":"n8n.workflow.failed","message":"n8n.workflow.failed","payload":{"executionId":"10","userId":"82d99d45-e4e6-4fc6-80f7-cbe04c3b3121","success":false,"isManual":true,"workflowId":"WudldSYFvIsfrSuy","workflowName":"My workflow","lastNodeExecuted":"HTTP Request","errorNodeType":"n8n-nodes-base.httpRequest","errorMessage":"The service refused the connection - perhaps it is offline"}}
{"__type":"$$EventMessageConfirm","confirm":"509ad646-5d8c-4dac-bba6-2cbc8868f4e6","ts":"2025-04-20T00:49:37.402+01:00","source":{"id":"0","name":"eventBus"}}
{"__type":"$$EventMessageAudit","id":"74e63736-f377-4dc2-9486-5c51499e73cd","ts":"2025-04-20T00:49:41.310+01:00","eventName":"n8n.audit.workflow.updated","message":"n8n.audit.workflow.updated","payload":{"userId":"82d99d45-e4e6-4fc6-80f7-cbe04c3b3121","_email":"matiasblazquez@gmail.com","_firstName":"Matias","_lastName":"Blazquez","globalRole":"global:owner","workflowId":"WudldSYFvIsfrSuy","workflowName":"My workflow"}}
{"__type":"$$EventMessageConfirm","confirm":"74e63736-f377-4dc2-9486-5c51499e73cd","ts":"2025-04-20T00:49:41.311+01:00","source":{"id":"0","name":"eventBus"}}
{"__type":"$$EventMessageWorkflow","id":"3ddfb4b5-64d6-41be-b629-9e518bc99be7","ts":"2025-04-20T00:49:44.646+01:00","eventName":"n8n.workflow.started","message":"n8n.workflow.started","payload":{"executionId":"11","workflowId":"WudldSYFvIsfrSuy","isManual":false,"workflowName":"My workflow"}}
{"__type":"$$EventMessageConfirm","confirm":"3ddfb4b5-64d6-41be-b629-9e518bc99be7","ts":"2025-04-20T00:49:44.646+01:00","source":{"id":"0","name":"eventBus"}}
{"__type":"$$EventMessageNode","id":"368e0b26-c218-4d85-8862-804194c05bd2","ts":"2025-04-20T00:49:44.646+01:00","eventName":"n8n.node.started","message":"n8n.node.started","payload":{"workflowId":"WudldSYFvIsfrSuy","workflowName":"My workflow","executionId":"11","nodeType":"n8n-nodes-base.manualTrigger","nodeName":"When clicking ‘Test workflow’"}}
{"__type":"$$EventMessageConfirm","confirm":"368e0b26-c218-4d85-8862-804194c05bd2","ts":"2025-04-20T00:49:44.646+01:00","source":{"id":"0","name":"eventBus"}}
{"__type":"$$EventMessageNode","id":"0768f4e8-e5a9-46fc-ae89-f38d5fb7b058","ts":"2025-04-20T00:49:44.648+01:00","eventName":"n8n.node.finished","message":"n8n.node.finished","payload":{"workflowId":"WudldSYFvIsfrSuy","workflowName":"My workflow","executionId":"11","nodeType":"n8n-nodes-base.manualTrigger","nodeName":"When clicking ‘Test workflow’"}}
{"__type":"$$EventMessageConfirm","confirm":"0768f4e8-e5a9-46fc-ae89-f38d5fb7b058","ts":"2025-04-20T00:49:44.648+01:00","source":{"id":"0","name":"eventBus"}}
{"__type":"$$EventMessageNode","id":"9d65926b-2cdc-4675-bdc6-9bc0275466d1","ts":"2025-04-20T00:49:44.648+01:00","eventName":"n8n.node.started","message":"n8n.node.started","payload":{"workflowId":"WudldSYFvIsfrSuy","workflowName":"My workflow","executionId":"11","nodeType":"n8n-nodes-base.httpRequest","nodeName":"HTTP Request"}}
{"__type":"$$EventMessageConfirm","confirm":"9d65926b-2cdc-4675-bdc6-9bc0275466d1","ts":"2025-04-20T00:49:44.648+01:00","source":{"id":"0","name":"eventBus"}}
{"__type":"$$EventMessageNode","id":"e5e53474-77e0-466f-81fb-bb80bfb5d8b0","ts":"2025-04-20T00:49:51.093+01:00","eventName":"n8n.node.finished","message":"n8n.node.finished","payload":{"workflowId":"WudldSYFvIsfrSuy","workflowName":"My workflow","executionId":"11","nodeType":"n8n-nodes-base.httpRequest","nodeName":"HTTP Request"}}
{"__type":"$$EventMessageConfirm","confirm":"e5e53474-77e0-466f-81fb-bb80bfb5d8b0","ts":"2025-04-20T00:49:51.093+01:00","source":{"id":"0","name":"eventBus"}}
{"__type":"$$EventMessageWorkflow","id":"36978ced-6259-4ece-be12-7704d1b580fe","ts":"2025-04-20T00:49:51.102+01:00","eventName":"n8n.workflow.success","message":"n8n.workflow.success","payload":{"executionId":"11","userId":"82d99d45-e4e6-4fc6-80f7-cbe04c3b3121","success":true,"isManual":true,"workflowId":"WudldSYFvIsfrSuy","workflowName":"My workflow"}}
{"__type":"$$EventMessageConfirm","confirm":"36978ced-6259-4ece-be12-7704d1b580fe","ts":"2025-04-20T00:49:51.102+01:00","source":{"id":"0","name":"eventBus"}}
