{"__type":"$$EventMessageAudit","id":"48997ee6-1128-4752-aa07-0494d20d8be0","ts":"2025-04-19T10:41:55.704+01:00","eventName":"n8n.audit.workflow.created","message":"n8n.audit.workflow.created","payload":{"userId":"82d99d45-e4e6-4fc6-80f7-cbe04c3b3121","_email":"matiasblazquez@gmail.com","_firstName":"Matias","_lastName":"Blazquez","globalRole":"global:owner","workflowId":"WudldSYFvIsfrSuy","workflowName":"My workflow"}}
{"__type":"$$EventMessageConfirm","confirm":"48997ee6-1128-4752-aa07-0494d20d8be0","ts":"2025-04-19T10:41:55.705+01:00","source":{"id":"0","name":"eventBus"}}
{"__type":"$$EventMessageWorkflow","id":"fecada65-2137-4b56-9144-19eb50cb7db2","ts":"2025-04-19T10:41:55.864+01:00","eventName":"n8n.workflow.started","message":"n8n.workflow.started","payload":{"executionId":"1","workflowId":"WudldSYFvIsfrSuy","isManual":false,"workflowName":"My workflow"}}
{"__type":"$$EventMessageConfirm","confirm":"fecada65-2137-4b56-9144-19eb50cb7db2","ts":"2025-04-19T10:41:55.864+01:00","source":{"id":"0","name":"eventBus"}}
{"__type":"$$EventMessageNode","id":"da7c2d35-f915-45df-a581-fcb5c6ee832f","ts":"2025-04-19T10:41:55.867+01:00","eventName":"n8n.node.started","message":"n8n.node.started","payload":{"workflowId":"WudldSYFvIsfrSuy","workflowName":"My workflow","executionId":"1","nodeType":"n8n-nodes-base.manualTrigger","nodeName":"When clicking ‘Test workflow’"}}
{"__type":"$$EventMessageConfirm","confirm":"da7c2d35-f915-45df-a581-fcb5c6ee832f","ts":"2025-04-19T10:41:55.867+01:00","source":{"id":"0","name":"eventBus"}}
{"__type":"$$EventMessageNode","id":"f13ae0ed-1f01-407d-b138-1e5760fa89fc","ts":"2025-04-19T10:41:55.872+01:00","eventName":"n8n.node.finished","message":"n8n.node.finished","payload":{"workflowId":"WudldSYFvIsfrSuy","workflowName":"My workflow","executionId":"1","nodeType":"n8n-nodes-base.manualTrigger","nodeName":"When clicking ‘Test workflow’"}}
{"__type":"$$EventMessageConfirm","confirm":"f13ae0ed-1f01-407d-b138-1e5760fa89fc","ts":"2025-04-19T10:41:55.872+01:00","source":{"id":"0","name":"eventBus"}}
{"__type":"$$EventMessageNode","id":"526e288a-a85f-41f6-92eb-644121031c23","ts":"2025-04-19T10:41:55.873+01:00","eventName":"n8n.node.started","message":"n8n.node.started","payload":{"workflowId":"WudldSYFvIsfrSuy","workflowName":"My workflow","executionId":"1","nodeType":"n8n-nodes-base.httpRequest","nodeName":"HTTP Request"}}
{"__type":"$$EventMessageConfirm","confirm":"526e288a-a85f-41f6-92eb-644121031c23","ts":"2025-04-19T10:41:55.873+01:00","source":{"id":"0","name":"eventBus"}}
{"__type":"$$EventMessageNode","id":"bb85c7e0-1b2f-486b-8226-f5f109ae4ba5","ts":"2025-04-19T10:41:55.987+01:00","eventName":"n8n.node.finished","message":"n8n.node.finished","payload":{"workflowId":"WudldSYFvIsfrSuy","workflowName":"My workflow","executionId":"1","nodeType":"n8n-nodes-base.httpRequest","nodeName":"HTTP Request"}}
{"__type":"$$EventMessageConfirm","confirm":"bb85c7e0-1b2f-486b-8226-f5f109ae4ba5","ts":"2025-04-19T10:41:55.987+01:00","source":{"id":"0","name":"eventBus"}}
{"__type":"$$EventMessageWorkflow","id":"bf6f121b-0f31-469c-8e99-66821578be10","ts":"2025-04-19T10:41:55.990+01:00","eventName":"n8n.workflow.failed","message":"n8n.workflow.failed","payload":{"executionId":"1","userId":"82d99d45-e4e6-4fc6-80f7-cbe04c3b3121","success":false,"isManual":true,"workflowId":"WudldSYFvIsfrSuy","workflowName":"My workflow","lastNodeExecuted":"HTTP Request","errorNodeType":"n8n-nodes-base.httpRequest","errorMessage":"The service refused the connection - perhaps it is offline"}}
{"__type":"$$EventMessageConfirm","confirm":"bf6f121b-0f31-469c-8e99-66821578be10","ts":"2025-04-19T10:41:55.990+01:00","source":{"id":"0","name":"eventBus"}}
{"__type":"$$EventMessageWorkflow","id":"436ae599-ce37-4a44-ab7d-b656cc9abe42","ts":"2025-04-19T10:42:01.608+01:00","eventName":"n8n.workflow.started","message":"n8n.workflow.started","payload":{"executionId":"2","workflowId":"WudldSYFvIsfrSuy","isManual":false,"workflowName":"My workflow"}}
{"__type":"$$EventMessageConfirm","confirm":"436ae599-ce37-4a44-ab7d-b656cc9abe42","ts":"2025-04-19T10:42:01.608+01:00","source":{"id":"0","name":"eventBus"}}
{"__type":"$$EventMessageNode","id":"38287422-d345-4f3e-aeb9-451ad32ed3e3","ts":"2025-04-19T10:42:01.608+01:00","eventName":"n8n.node.started","message":"n8n.node.started","payload":{"workflowId":"WudldSYFvIsfrSuy","workflowName":"My workflow","executionId":"2","nodeType":"n8n-nodes-base.httpRequest","nodeName":"HTTP Request"}}
{"__type":"$$EventMessageConfirm","confirm":"38287422-d345-4f3e-aeb9-451ad32ed3e3","ts":"2025-04-19T10:42:01.609+01:00","source":{"id":"0","name":"eventBus"}}
{"__type":"$$EventMessageNode","id":"2792ef25-d226-4d00-bd21-4030420bb97c","ts":"2025-04-19T10:42:07.585+01:00","eventName":"n8n.node.finished","message":"n8n.node.finished","payload":{"workflowId":"WudldSYFvIsfrSuy","workflowName":"My workflow","executionId":"2","nodeType":"n8n-nodes-base.httpRequest","nodeName":"HTTP Request"}}
{"__type":"$$EventMessageConfirm","confirm":"2792ef25-d226-4d00-bd21-4030420bb97c","ts":"2025-04-19T10:42:07.585+01:00","source":{"id":"0","name":"eventBus"}}
{"__type":"$$EventMessageWorkflow","id":"b799d2ac-f54c-4f89-9827-2452da240c47","ts":"2025-04-19T10:42:07.604+01:00","eventName":"n8n.workflow.success","message":"n8n.workflow.success","payload":{"executionId":"2","userId":"82d99d45-e4e6-4fc6-80f7-cbe04c3b3121","success":true,"isManual":true,"workflowId":"WudldSYFvIsfrSuy","workflowName":"My workflow"}}
{"__type":"$$EventMessageConfirm","confirm":"b799d2ac-f54c-4f89-9827-2452da240c47","ts":"2025-04-19T10:42:07.604+01:00","source":{"id":"0","name":"eventBus"}}
{"__type":"$$EventMessageWorkflow","id":"9e353d2f-8af0-4a7b-95bf-bbee4029d6e7","ts":"2025-04-19T10:42:55.801+01:00","eventName":"n8n.workflow.started","message":"n8n.workflow.started","payload":{"executionId":"3","workflowId":"WudldSYFvIsfrSuy","isManual":false,"workflowName":"My workflow"}}
{"__type":"$$EventMessageConfirm","confirm":"9e353d2f-8af0-4a7b-95bf-bbee4029d6e7","ts":"2025-04-19T10:42:55.801+01:00","source":{"id":"0","name":"eventBus"}}
{"__type":"$$EventMessageNode","id":"0cf8c3c7-9ac5-4201-945f-9957ece36615","ts":"2025-04-19T10:42:55.802+01:00","eventName":"n8n.node.started","message":"n8n.node.started","payload":{"workflowId":"WudldSYFvIsfrSuy","workflowName":"My workflow","executionId":"3","nodeType":"n8n-nodes-base.manualTrigger","nodeName":"When clicking ‘Test workflow’"}}
{"__type":"$$EventMessageConfirm","confirm":"0cf8c3c7-9ac5-4201-945f-9957ece36615","ts":"2025-04-19T10:42:55.802+01:00","source":{"id":"0","name":"eventBus"}}
{"__type":"$$EventMessageNode","id":"ee2c9dda-6ac8-4ca3-8707-8f262758d8fa","ts":"2025-04-19T10:42:55.804+01:00","eventName":"n8n.node.finished","message":"n8n.node.finished","payload":{"workflowId":"WudldSYFvIsfrSuy","workflowName":"My workflow","executionId":"3","nodeType":"n8n-nodes-base.manualTrigger","nodeName":"When clicking ‘Test workflow’"}}
{"__type":"$$EventMessageConfirm","confirm":"ee2c9dda-6ac8-4ca3-8707-8f262758d8fa","ts":"2025-04-19T10:42:55.804+01:00","source":{"id":"0","name":"eventBus"}}
{"__type":"$$EventMessageNode","id":"1d57bb44-1fde-4eb6-a23c-7245075a7ca0","ts":"2025-04-19T10:42:55.804+01:00","eventName":"n8n.node.started","message":"n8n.node.started","payload":{"workflowId":"WudldSYFvIsfrSuy","workflowName":"My workflow","executionId":"3","nodeType":"n8n-nodes-base.httpRequest","nodeName":"HTTP Request"}}
{"__type":"$$EventMessageConfirm","confirm":"1d57bb44-1fde-4eb6-a23c-7245075a7ca0","ts":"2025-04-19T10:42:55.804+01:00","source":{"id":"0","name":"eventBus"}}
{"__type":"$$EventMessageNode","id":"d1c7b8bd-f195-41a4-a32e-a0c6a9238514","ts":"2025-04-19T10:43:01.770+01:00","eventName":"n8n.node.finished","message":"n8n.node.finished","payload":{"workflowId":"WudldSYFvIsfrSuy","workflowName":"My workflow","executionId":"3","nodeType":"n8n-nodes-base.httpRequest","nodeName":"HTTP Request"}}
{"__type":"$$EventMessageConfirm","confirm":"d1c7b8bd-f195-41a4-a32e-a0c6a9238514","ts":"2025-04-19T10:43:01.770+01:00","source":{"id":"0","name":"eventBus"}}
{"__type":"$$EventMessageNode","id":"4b213754-b45d-416d-8413-0c919d5e96b7","ts":"2025-04-19T10:43:01.793+01:00","eventName":"n8n.node.started","message":"n8n.node.started","payload":{"workflowId":"WudldSYFvIsfrSuy","workflowName":"My workflow","executionId":"3","nodeType":"n8n-nodes-base.html","nodeName":"HTML"}}
{"__type":"$$EventMessageConfirm","confirm":"4b213754-b45d-416d-8413-0c919d5e96b7","ts":"2025-04-19T10:43:01.793+01:00","source":{"id":"0","name":"eventBus"}}
{"__type":"$$EventMessageNode","id":"ef8bcd01-caee-4f55-b3c4-f4d75c727a45","ts":"2025-04-19T10:43:01.806+01:00","eventName":"n8n.node.finished","message":"n8n.node.finished","payload":{"workflowId":"WudldSYFvIsfrSuy","workflowName":"My workflow","executionId":"3","nodeType":"n8n-nodes-base.html","nodeName":"HTML"}}
{"__type":"$$EventMessageConfirm","confirm":"ef8bcd01-caee-4f55-b3c4-f4d75c727a45","ts":"2025-04-19T10:43:01.807+01:00","source":{"id":"0","name":"eventBus"}}
{"__type":"$$EventMessageWorkflow","id":"570e57ab-4858-4592-be29-51b44798c7a9","ts":"2025-04-19T10:43:01.811+01:00","eventName":"n8n.workflow.failed","message":"n8n.workflow.failed","payload":{"executionId":"3","userId":"82d99d45-e4e6-4fc6-80f7-cbe04c3b3121","success":false,"isManual":true,"workflowId":"WudldSYFvIsfrSuy","workflowName":"My workflow","lastNodeExecuted":"HTML","errorNodeType":"n8n-nodes-base.html","errorMessage":"No property named \"data\" exists!"}}
{"__type":"$$EventMessageConfirm","confirm":"570e57ab-4858-4592-be29-51b44798c7a9","ts":"2025-04-19T10:43:01.811+01:00","source":{"id":"0","name":"eventBus"}}
{"__type":"$$EventMessageWorkflow","id":"7243cdff-e0af-4aa3-b136-4b9a456887e4","ts":"2025-04-19T10:43:29.577+01:00","eventName":"n8n.workflow.started","message":"n8n.workflow.started","payload":{"executionId":"4","workflowId":"WudldSYFvIsfrSuy","isManual":false,"workflowName":"My workflow"}}
{"__type":"$$EventMessageConfirm","confirm":"7243cdff-e0af-4aa3-b136-4b9a456887e4","ts":"2025-04-19T10:43:29.577+01:00","source":{"id":"0","name":"eventBus"}}
{"__type":"$$EventMessageNode","id":"1bca336f-25d9-43b5-8f42-ef73a98a1509","ts":"2025-04-19T10:43:29.578+01:00","eventName":"n8n.node.started","message":"n8n.node.started","payload":{"workflowId":"WudldSYFvIsfrSuy","workflowName":"My workflow","executionId":"4","nodeType":"n8n-nodes-base.httpRequest","nodeName":"HTTP Request"}}
{"__type":"$$EventMessageConfirm","confirm":"1bca336f-25d9-43b5-8f42-ef73a98a1509","ts":"2025-04-19T10:43:29.578+01:00","source":{"id":"0","name":"eventBus"}}
{"__type":"$$EventMessageNode","id":"784685ab-01d7-433a-8421-561302b39516","ts":"2025-04-19T10:43:32.040+01:00","eventName":"n8n.node.finished","message":"n8n.node.finished","payload":{"workflowId":"WudldSYFvIsfrSuy","workflowName":"My workflow","executionId":"4","nodeType":"n8n-nodes-base.httpRequest","nodeName":"HTTP Request"}}
{"__type":"$$EventMessageConfirm","confirm":"784685ab-01d7-433a-8421-561302b39516","ts":"2025-04-19T10:43:32.040+01:00","source":{"id":"0","name":"eventBus"}}
{"__type":"$$EventMessageWorkflow","id":"5c235582-ef03-4712-a673-118be4e6c613","ts":"2025-04-19T10:43:32.047+01:00","eventName":"n8n.workflow.success","message":"n8n.workflow.success","payload":{"executionId":"4","userId":"82d99d45-e4e6-4fc6-80f7-cbe04c3b3121","success":true,"isManual":true,"workflowId":"WudldSYFvIsfrSuy","workflowName":"My workflow"}}
{"__type":"$$EventMessageConfirm","confirm":"5c235582-ef03-4712-a673-118be4e6c613","ts":"2025-04-19T10:43:32.047+01:00","source":{"id":"0","name":"eventBus"}}
{"__type":"$$EventMessageWorkflow","id":"0f70fa4d-b159-4164-96a9-5b947a67073e","ts":"2025-04-19T10:43:45.868+01:00","eventName":"n8n.workflow.started","message":"n8n.workflow.started","payload":{"executionId":"5","workflowId":"WudldSYFvIsfrSuy","isManual":false,"workflowName":"My workflow"}}
{"__type":"$$EventMessageConfirm","confirm":"0f70fa4d-b159-4164-96a9-5b947a67073e","ts":"2025-04-19T10:43:45.868+01:00","source":{"id":"0","name":"eventBus"}}
{"__type":"$$EventMessageNode","id":"0702fd59-23e2-4d8d-ab04-d9982ad71b94","ts":"2025-04-19T10:43:45.869+01:00","eventName":"n8n.node.started","message":"n8n.node.started","payload":{"workflowId":"WudldSYFvIsfrSuy","workflowName":"My workflow","executionId":"5","nodeType":"n8n-nodes-base.manualTrigger","nodeName":"When clicking ‘Test workflow’"}}
{"__type":"$$EventMessageConfirm","confirm":"0702fd59-23e2-4d8d-ab04-d9982ad71b94","ts":"2025-04-19T10:43:45.869+01:00","source":{"id":"0","name":"eventBus"}}
{"__type":"$$EventMessageNode","id":"ba56ad34-b90e-4499-9813-a64a4c33e794","ts":"2025-04-19T10:43:45.870+01:00","eventName":"n8n.node.finished","message":"n8n.node.finished","payload":{"workflowId":"WudldSYFvIsfrSuy","workflowName":"My workflow","executionId":"5","nodeType":"n8n-nodes-base.manualTrigger","nodeName":"When clicking ‘Test workflow’"}}
{"__type":"$$EventMessageConfirm","confirm":"ba56ad34-b90e-4499-9813-a64a4c33e794","ts":"2025-04-19T10:43:45.870+01:00","source":{"id":"0","name":"eventBus"}}
{"__type":"$$EventMessageNode","id":"42e17725-5448-4d78-8041-0a28ff0daa26","ts":"2025-04-19T10:43:45.871+01:00","eventName":"n8n.node.started","message":"n8n.node.started","payload":{"workflowId":"WudldSYFvIsfrSuy","workflowName":"My workflow","executionId":"5","nodeType":"n8n-nodes-base.httpRequest","nodeName":"HTTP Request"}}
{"__type":"$$EventMessageConfirm","confirm":"42e17725-5448-4d78-8041-0a28ff0daa26","ts":"2025-04-19T10:43:45.871+01:00","source":{"id":"0","name":"eventBus"}}
{"__type":"$$EventMessageNode","id":"7bb778ea-1d22-4dc5-9a0a-7422c1d94c43","ts":"2025-04-19T10:43:47.911+01:00","eventName":"n8n.node.finished","message":"n8n.node.finished","payload":{"workflowId":"WudldSYFvIsfrSuy","workflowName":"My workflow","executionId":"5","nodeType":"n8n-nodes-base.httpRequest","nodeName":"HTTP Request"}}
{"__type":"$$EventMessageConfirm","confirm":"7bb778ea-1d22-4dc5-9a0a-7422c1d94c43","ts":"2025-04-19T10:43:47.912+01:00","source":{"id":"0","name":"eventBus"}}
{"__type":"$$EventMessageWorkflow","id":"d3f5c978-7227-4138-857d-39db545aec7d","ts":"2025-04-19T10:43:47.916+01:00","eventName":"n8n.workflow.success","message":"n8n.workflow.success","payload":{"executionId":"5","userId":"82d99d45-e4e6-4fc6-80f7-cbe04c3b3121","success":true,"isManual":true,"workflowId":"WudldSYFvIsfrSuy","workflowName":"My workflow"}}
{"__type":"$$EventMessageConfirm","confirm":"d3f5c978-7227-4138-857d-39db545aec7d","ts":"2025-04-19T10:43:47.916+01:00","source":{"id":"0","name":"eventBus"}}
{"__type":"$$EventMessageWorkflow","id":"9dd86efc-93c9-40d5-8658-70f855f29c9c","ts":"2025-04-19T10:44:17.898+01:00","eventName":"n8n.workflow.started","message":"n8n.workflow.started","payload":{"executionId":"6","workflowId":"WudldSYFvIsfrSuy","isManual":false,"workflowName":"My workflow"}}
{"__type":"$$EventMessageConfirm","confirm":"9dd86efc-93c9-40d5-8658-70f855f29c9c","ts":"2025-04-19T10:44:17.898+01:00","source":{"id":"0","name":"eventBus"}}
{"__type":"$$EventMessageNode","id":"51a4a756-dcdb-4b25-ba34-374ce68e6bbc","ts":"2025-04-19T10:44:17.899+01:00","eventName":"n8n.node.started","message":"n8n.node.started","payload":{"workflowId":"WudldSYFvIsfrSuy","workflowName":"My workflow","executionId":"6","nodeType":"n8n-nodes-base.httpRequest","nodeName":"HTTP Request"}}
{"__type":"$$EventMessageConfirm","confirm":"51a4a756-dcdb-4b25-ba34-374ce68e6bbc","ts":"2025-04-19T10:44:17.899+01:00","source":{"id":"0","name":"eventBus"}}
{"__type":"$$EventMessageNode","id":"9e908685-404f-4b58-bbd7-1b6e74842dfd","ts":"2025-04-19T10:44:22.986+01:00","eventName":"n8n.node.finished","message":"n8n.node.finished","payload":{"workflowId":"WudldSYFvIsfrSuy","workflowName":"My workflow","executionId":"6","nodeType":"n8n-nodes-base.httpRequest","nodeName":"HTTP Request"}}
{"__type":"$$EventMessageConfirm","confirm":"9e908685-404f-4b58-bbd7-1b6e74842dfd","ts":"2025-04-19T10:44:22.986+01:00","source":{"id":"0","name":"eventBus"}}
{"__type":"$$EventMessageWorkflow","id":"7ab4318c-add6-49ab-a7c3-4e929387d18a","ts":"2025-04-19T10:44:22.999+01:00","eventName":"n8n.workflow.success","message":"n8n.workflow.success","payload":{"executionId":"6","userId":"82d99d45-e4e6-4fc6-80f7-cbe04c3b3121","success":true,"isManual":true,"workflowId":"WudldSYFvIsfrSuy","workflowName":"My workflow"}}
{"__type":"$$EventMessageConfirm","confirm":"7ab4318c-add6-49ab-a7c3-4e929387d18a","ts":"2025-04-19T10:44:22.999+01:00","source":{"id":"0","name":"eventBus"}}
